<?xml version="1.0" encoding="UTF-8"?>
<!-- Generated by org.testng.reporters.JUnitXMLReporter -->
<testsuite ignored="1" hostname="LAPTOP-KGLKBPSV" failures="0" tests="1" name="Default test" time="3.166" errors="0" timestamp="2025-03-25T14:28:12 IST">
  <testcase classname="jsonparsing.ParsingJsonData" name="parseTheData" time="3.107"/>
  <testcase classname="jsonparsing.ParsingJsonData" name="validateTheJsonData" time="0.0">
    <ignored/>
  </testcase> <!-- validateTheJsonData -->
</testsuite> <!-- Default test -->
