<?xml version="1.0" encoding="UTF-8"?>
<!-- Generated by org.testng.reporters.JUnitXMLReporter -->
<testsuite ignored="0" hostname="LAPTOP-KGLKBPSV" failures="0" tests="2" name="Default test" time="0.384" errors="0" timestamp="2025-03-27T10:58:42 IST">
  <testcase classname="serializDeserialization.SerializDeserialize" name="serilaizationTest" time="0.28"/>
  <testcase classname="serializDeserialization.SerializDeserialize" name="deSerilaizationTest" time="0.029"/>
</testsuite> <!-- Default test -->
