<?xml version="1.0" encoding="UTF-8"?>
<testng-results ignored="4" total="5" passed="1" failed="0" skipped="0">
  <reporter-output>
  </reporter-output>
  <suite started-at="2025-03-28T11:45:09 IST" name="Default suite" finished-at="2025-03-28T11:45:13 IST" duration-ms="4237">
    <groups>
    </groups>
    <test started-at="2025-03-28T11:45:09 IST" name="Default test" finished-at="2025-03-28T11:45:13 IST" duration-ms="4237">
      <class name="authentication.AuthenticationEx">
        <test-method signature="oauthTest()[pri:0, instance:authentication.AuthenticationEx@1458ed9c]" started-at="2025-03-28T11:45:09 IST" name="oauthTest" finished-at="2025-03-28T11:45:13 IST" duration-ms="4151" status="PASS">
          <reporter-output>
          </reporter-output>
        </test-method> <!-- oauthTest -->
      </class> <!-- authentication.AuthenticationEx -->
    </test> <!-- Default test -->
  </suite> <!-- Default suite -->
</testng-results>
