<?xml version="1.0" encoding="UTF-8"?>
<testng-results ignored="0" total="2" passed="2" failed="0" skipped="0">
  <reporter-output>
  </reporter-output>
  <suite started-at="2025-03-27T10:58:42 IST" name="Default suite" finished-at="2025-03-27T10:58:42 IST" duration-ms="384">
    <groups>
    </groups>
    <test started-at="2025-03-27T10:58:42 IST" name="Default test" finished-at="2025-03-27T10:58:42 IST" duration-ms="384">
      <class name="serializDeserialization.SerializDeserialize">
        <test-method signature="serilaizationTest()[pri:1, instance:serializDeserialization.SerializDeserialize@e383572]" started-at="2025-03-27T10:58:42 IST" name="serilaizationTest" finished-at="2025-03-27T10:58:42 IST" duration-ms="280" status="PASS">
          <reporter-output>
          </reporter-output>
        </test-method> <!-- serilaizationTest -->
        <test-method signature="deSerilaizationTest()[pri:2, instance:serializDeserialization.SerializDeserialize@e383572]" started-at="2025-03-27T10:58:42 IST" name="deSerilaizationTest" finished-at="2025-03-27T10:58:42 IST" depends-on-methods="serializDeserialization.SerializDeserialize.serilaizationTest" duration-ms="29" status="PASS">
          <reporter-output>
          </reporter-output>
        </test-method> <!-- deSerilaizationTest -->
      </class> <!-- serializDeserialization.SerializDeserialize -->
    </test> <!-- Default test -->
  </suite> <!-- Default suite -->
</testng-results>
